0 info it worked if it ends with ok
1 verbose cli [ '/Users/andrewschorr/.nvm/versions/node/v7.7.4/bin/node',
1 verbose cli   '/Users/andrewschorr/.nvm/versions/node/v7.7.4/bin/npm',
1 verbose cli   'start' ]
2 info using npm@4.1.2
3 info using node@v7.7.4
4 verbose run-script [ 'prestart', 'start', 'poststart' ]
5 info lifecycle schorr-eats@0.1.0~prestart: schorr-eats@0.1.0
6 silly lifecycle schorr-eats@0.1.0~prestart: no script for prestart, continuing
7 info lifecycle schorr-eats@0.1.0~start: schorr-eats@0.1.0
8 verbose lifecycle schorr-eats@0.1.0~start: unsafe-perm in lifecycle true
9 verbose lifecycle schorr-eats@0.1.0~start: PATH: /Users/andrewschorr/.nvm/versions/node/v7.7.4/lib/node_modules/npm/bin/node-gyp-bin:/Users/andrewschorr/Workspaces/node_projects/Schorr-Eats/node_modules/.bin:/Users/andrewschorr/y/google-cloud-sdk/bin:/usr/local/opt/php71/bin:/usr/local/bin/composer:/Users/andrewschorr/.nvm/versions/node/v7.7.4/bin:/Users/andrewschorr/.composer/vendor/bin:/bin:/sbin:/usr/bin:/usr/local/sbin:/usr/local/bin:/usr/local/bin:/usr/local/sbin:/usr/bin:/bin:/usr/sbin:/sbin:/usr/local/bin
10 verbose lifecycle schorr-eats@0.1.0~start: CWD: /Users/andrewschorr/Workspaces/node_projects/Schorr-Eats
11 silly lifecycle schorr-eats@0.1.0~start: Args: [ '-c', 'node app/server.js' ]
12 silly lifecycle schorr-eats@0.1.0~start: Returned: code: 1  signal: null
13 info lifecycle schorr-eats@0.1.0~start: Failed to exec start script
14 verbose stack Error: schorr-eats@0.1.0 start: `node app/server.js`
14 verbose stack Exit status 1
14 verbose stack     at EventEmitter.<anonymous> (/Users/andrewschorr/.nvm/versions/node/v7.7.4/lib/node_modules/npm/lib/utils/lifecycle.js:279:16)
14 verbose stack     at emitTwo (events.js:106:13)
14 verbose stack     at EventEmitter.emit (events.js:194:7)
14 verbose stack     at ChildProcess.<anonymous> (/Users/andrewschorr/.nvm/versions/node/v7.7.4/lib/node_modules/npm/lib/utils/spawn.js:40:14)
14 verbose stack     at emitTwo (events.js:106:13)
14 verbose stack     at ChildProcess.emit (events.js:194:7)
14 verbose stack     at maybeClose (internal/child_process.js:899:16)
14 verbose stack     at Process.ChildProcess._handle.onexit (internal/child_process.js:226:5)
15 verbose pkgid schorr-eats@0.1.0
16 verbose cwd /Users/andrewschorr/Workspaces/node_projects/Schorr-Eats
17 error Darwin 16.7.0
18 error argv "/Users/andrewschorr/.nvm/versions/node/v7.7.4/bin/node" "/Users/andrewschorr/.nvm/versions/node/v7.7.4/bin/npm" "start"
19 error node v7.7.4
20 error npm  v4.1.2
21 error code ELIFECYCLE
22 error schorr-eats@0.1.0 start: `node app/server.js`
22 error Exit status 1
23 error Failed at the schorr-eats@0.1.0 start script 'node app/server.js'.
23 error Make sure you have the latest version of node.js and npm installed.
23 error If you do, this is most likely a problem with the schorr-eats package,
23 error not with npm itself.
23 error Tell the author that this fails on your system:
23 error     node app/server.js
23 error You can get information on how to open an issue for this project with:
23 error     npm bugs schorr-eats
23 error Or if that isn't available, you can get their info via:
23 error     npm owner ls schorr-eats
23 error There is likely additional logging output above.
24 verbose exit [ 1, true ]
